Running: python experiment_simhash.py -sketch_methods SimHash -overlap 0.1 -iterations 100 -storage_size 200 -log true
Average relative error: 0.015000722932442473
Standard deviation of relative error: 0.01120697417725651
Time elapsed: 2.0673540377616884
Running: python experiment_simhash.py -sketch_methods SimHashRound -overlap 0.1 -iterations 100 -storage_size 200 -log true
Average relative error: 0.013484637556671477
Standard deviation of relative error: 0.010410616700884534
Time elapsed: 2.3015350818634035
Running: python experiment_simhash.py -sketch_methods SimHashFunction -overlap 0.1 -iterations 100 -storage_size 200 -log true
Average relative error: 0.017586744898999012
Standard deviation of relative error: 0.012402875563077755
Time elapsed: 1.1367816162109374
Running: python experiment_simhash.py -sketch_methods SimHash -overlap 0.1 -iterations 100 -storage_size 400 -log true
Average relative error: 0.011073684039042107
Standard deviation of relative error: 0.00897128516310753
Time elapsed: 4.1411357641220095
Running: python experiment_simhash.py -sketch_methods SimHashRound -overlap 0.1 -iterations 100 -storage_size 400 -log true
Average relative error: 0.012197501000848487
Standard deviation of relative error: 0.01043438107278461
Time elapsed: 4.625724020004273
Running: python experiment_simhash.py -sketch_methods SimHashFunction -overlap 0.1 -iterations 100 -storage_size 400 -log true
Average relative error: 0.009765659942570407
Standard deviation of relative error: 0.007113603524418228
Time elapsed: 2.2527477836608885
Running: python experiment_simhash.py -sketch_methods SimHash -overlap 0.1 -iterations 100 -storage_size 600 -log true
Average relative error: 0.008668281411028296
Standard deviation of relative error: 0.006373958457906972
Time elapsed: 6.219174029827118
Running: python experiment_simhash.py -sketch_methods SimHashRound -overlap 0.1 -iterations 100 -storage_size 600 -log true
Running: python experiment_simhash.py -sketch_methods SimHashFunction -overlap 0.1 -iterations 100 -storage_size 600 -log true
Average relative error: 0.009067719247805793
Standard deviation of relative error: 0.0067392558426933235
Time elapsed: 2.9879156231880186
Running: python experiment_simhash.py -sketch_methods SimHash -overlap 0.1 -iterations 100 -storage_size 800 -log true
Average relative error: 0.007237985451972396
Standard deviation of relative error: 0.00612880731545443
Time elapsed: 8.307960562705993
Running: python experiment_simhash.py -sketch_methods SimHashRound -overlap 0.1 -iterations 100 -storage_size 800 -log true
Running: python experiment_simhash.py -sketch_methods SimHashFunction -overlap 0.1 -iterations 100 -storage_size 800 -log true
Average relative error: 0.007874148790965547
Standard deviation of relative error: 0.005186744701057017
Time elapsed: 3.8692380142211915
